


ARM Macro Assembler    Page 1 


    1 00000000         
    2 00000000         
    3 00000000         
    4 00000000         
    5 00000000         
    6 00000000         
    7 00000000                 AREA             RESET,DATA,READONLY
    8 00000000                 EXPORT           __Vectors
    9 00000000         
   10 00000000         __Vectors
   11 00000000 100000FF        DCD              0X100000FF  ;STACK POINTER
   12 00000004 00000000        DCD              Reset_Handler
   13 00000008         
   14 00000008                 ALIGN
   15 00000008         
   16 00000008                 AREA             mycode,CODE,READONLY
   17 00000000                 EXPORT           Reset_Handler
   18 00000000                 ENTRY
   19 00000000         Reset_Handler
   20 00000000 4807            LDR              R0,=SRC
   21 00000002 4908            LDR              R1,=SRC+4*10-4
   22 00000004 F04F 0205       MOV              R2,#5
   23 00000008         UP
   24 00000008 6804            LDR              R4,[R0]
   25 0000000A 680D            LDR              R5,[R1]
   26 0000000C 600C            STR              R4,[R1]
   27 0000000E 6005            STR              R5,[R0]
   28 00000010 F100 0004       ADD              R0,#4
   29 00000014 F1A1 0104       SUB              R1,#4
   30 00000018 3B01            SUBS             R3,#1
   31 0000001A D1F5            BNE              UP
   32 0000001C         STOP
   33 0000001C E7FE            B                STOP
   34 0000001E 00 00 00000000 
              00000024         AREA             mydata,DATA,READWRITE
   35 00000000 00000001 
              00000002 
              00000003 
              00000004 
              00000005 
              00000006 
              00000007 
              00000008 
              00000009 
              0000000A SRC     DCD              1,2,3,4,5,6,7,8,9,10
   36 00000028 00000000 
              00000000 
              00000000 
              00000000 
              00000000 
              00000000 
              00000000 
              00000000 
              00000000 
              00000000 DST     DCD              0,0,0,0,0,0,0,0,0,0
   37 00000050                 END
Command Line: --debug --xref --cpu=Cortex-M3 --apcs=interwork --depend=.\q2.d -
o.\q2.o -IC:\Keil_v5\ARM\RV31\INC -IC:\Keil_v5\ARM\CMSIS\Include -IC:\Keil_v5\A
RM\Inc\NXP\LPC17xx --predefine="__EVAL SETA 1" --list=.\q2.lst Q2.s



ARM Macro Assembler    Page 1 Alphabetic symbol ordering
Relocatable symbols

RESET 00000000

Symbol: RESET
   Definitions
      At line 7 in file Q2.s
   Uses
      None
Comment: RESET unused
__Vectors 00000000

Symbol: __Vectors
   Definitions
      At line 10 in file Q2.s
   Uses
      At line 8 in file Q2.s
Comment: __Vectors used once
2 symbols



ARM Macro Assembler    Page 1 Alphabetic symbol ordering
Relocatable symbols

Reset_Handler 00000000

Symbol: Reset_Handler
   Definitions
      At line 19 in file Q2.s
   Uses
      At line 12 in file Q2.s
      At line 17 in file Q2.s

STOP 0000001C

Symbol: STOP
   Definitions
      At line 32 in file Q2.s
   Uses
      At line 33 in file Q2.s
Comment: STOP used once
UP 00000008

Symbol: UP
   Definitions
      At line 23 in file Q2.s
   Uses
      At line 31 in file Q2.s
Comment: UP used once
mycode 00000000

Symbol: mycode
   Definitions
      At line 16 in file Q2.s
   Uses
      None
Comment: mycode unused
4 symbols



ARM Macro Assembler    Page 1 Alphabetic symbol ordering
Relocatable symbols

DST 00000028

Symbol: DST
   Definitions
      At line 36 in file Q2.s
   Uses
      None
Comment: DST unused
SRC 00000000

Symbol: SRC
   Definitions
      At line 35 in file Q2.s
   Uses
      At line 20 in file Q2.s
      At line 21 in file Q2.s

mydata 00000000

Symbol: mydata
   Definitions
      At line 34 in file Q2.s
   Uses
      None
Comment: mydata unused
3 symbols
342 symbols in table
